{"name": "TC_LOGIN_001 - Login with Mobile Number and OTP", "status": "failed", "statusDetails": {"message": "AssertionError: Login failed after OTP\nassert False\n +  where False = wait_for_login_success(<selenium.webdriver.chrome.webdriver.WebDriver (session=\"0c7f1e1bcce1f190dec9607a2e9ec51f\")>)", "trace": "setup_suite = <selenium.webdriver.chrome.webdriver.WebDriver (session=\"0c7f1e1bcce1f190dec9607a2e9ec51f\")>\n\n    @allure.feature(\"Login\")\n    @pytest.mark.usefixtures(\"setup_suite\")\n    def test_login_with_mobile_number_and_otp(setup_suite):\n        \"\"\"\n        TC_LOGIN_001: Login with mobile number and OTP\n        \"\"\"\n        global is_logged_in\n        driver = setup_suite\n        wait = WebDriverWait(driver, 20)\n    \n        allure.dynamic.title(\"TC_LOGIN_001 - Login with Mobile Number and OTP\")\n        allure.step(\"Navigating to FirstCry homepage\")\n        driver.get(\"https://www.firstcry.com/\")\n    \n        # Step 1: Click Login Button\n        with allure.step(\"Clicking Login button\"):\n            login_btn = wait.until(EC.element_to_be_clickable((By.XPATH, \"//span[contains(text(), 'Login')]\")))\n            driver.execute_script(\"arguments[0].scrollIntoView(true);\", login_btn)\n            login_btn.click()\n    \n        # Step 2: Enter Mobile Number\n        with allure.step(\"Entering mobile number\"):\n            mobile_input = wait.until(EC.visibility_of_element_located((By.ID, \"lemail\")))\n            mobile_input.clear()\n            mobile_input.send_keys(\"9363025780\")\n    \n        # Step 3: Click Continue\n        with allure.step(\"Clicking Continue button\"):\n            continue_btn = wait.until(EC.element_to_be_clickable((By.XPATH, \"//span[normalize-space()='CONTINUE']\")))\n            continue_btn.click()\n    \n        # Step 4: Handle OTP\n        if os.getenv(\"JENKINS_HOME\"):\n            otp = \"123456\"\n            for i, ch in enumerate(otp):\n                otp_field = wait.until(EC.visibility_of_element_located((By.ID, f\"notp{i}\")))\n                otp_field.send_keys(ch)\n            allure.attach(\"Auto-filled OTP (Jenkins environment)\", \"text/plain\")\n        else:\n            with allure.step(\"Waiting for manual OTP entry (up to 60 seconds)\"):\n                otp_entered = wait_for_manual_otp_entry(driver, 60)\n                assert otp_entered, \"Manual OTP not entered in time\"\n    \n        # Step 5: Click Submit\n        with allure.step(\"Clicking Submit button\"):\n            submit_btn = wait.until(EC.element_to_be_clickable((\n                By.XPATH, \"//div[contains(@class, 'loginSignup_submitOtpBtn_block')]/span[text()='SUBMIT']\"\n            )))\n            submit_btn.click()\n    \n        # Step 6: Confirm login\n        with allure.step(\"Verifying login success\"):\n>           assert wait_for_login_success(driver), \"Login failed after OTP\"\nE           AssertionError: Login failed after OTP\nE           assert False\nE            +  where False = wait_for_login_success(<selenium.webdriver.chrome.webdriver.WebDriver (session=\"0c7f1e1bcce1f190dec9607a2e9ec51f\")>)\n\nsrc\\test\\python\\test_firstcry.py:68: AssertionError"}, "description": "\nTC_LOGIN_001: Login with mobile number and OTP\n", "steps": [{"name": "Clicking Login button", "status": "passed", "start": 1761973739798, "stop": 1761973744197}, {"name": "Entering mobile number", "status": "passed", "start": 1761973744197, "stop": 1761973744320}, {"name": "Clicking Continue button", "status": "passed", "start": 1761973744320, "stop": 1761973744411}, {"name": "Waiting for manual OTP entry (up to 60 seconds)", "status": "passed", "start": 1761973744412, "stop": 1761973764814}, {"name": "Clicking Submit button", "status": "passed", "start": 1761973764814, "stop": 1761973765539}, {"name": "Verifying login success", "status": "failed", "statusDetails": {"message": "AssertionError: Login failed after OTP\nassert False\n +  where False = wait_for_login_success(<selenium.webdriver.chrome.webdriver.WebDriver (session=\"0c7f1e1bcce1f190dec9607a2e9ec51f\")>)\n", "trace": "  File \"C:\\Users\\shiyam.raj\\PycharmProjects\\Python_capstone\\src\\test\\python\\test_firstcry.py\", line 68, in test_login_with_mobile_number_and_otp\n    assert wait_for_login_success(driver), \"Login failed after OTP\"\n"}, "start": 1761973765539, "stop": 1761973786119}], "start": 1761973732884, "stop": 1761973786122, "uuid": "162c85c3-aaf3-481d-8ffc-a62e34ba9037", "historyId": "dbaf1590ddc2fdd860ca751b2cc953d3", "testCaseId": "dbaf1590ddc2fdd860ca751b2cc953d3", "fullName": "src.test.python.test_firstcry#test_login_with_mobile_number_and_otp", "labels": [{"name": "feature", "value": "Login"}, {"name": "parentSuite", "value": "src.test.python"}, {"name": "suite", "value": "test_firstcry"}, {"name": "host", "value": "ASCINLAP61434"}, {"name": "thread", "value": "24324-MainThread"}, {"name": "framework", "value": "pytest"}, {"name": "language", "value": "cpython3"}, {"name": "package", "value": "src.test.python.test_firstcry"}], "titlePath": ["src", "test", "python", "test_firstcry.py"]}